<?xml version="1.0" encoding="UTF-8"?>
<!-- Generated by org.testng.reporters.JUnitReportReporter -->
<testsuite hostname="Basants-MacBook-Air.local" failures="0" tests="1" name="airlines.AirlineTests" time="3.194" errors="0" timestamp="2023-04-01T22:41:47 IST" skipped="0">
  <testcase classname="airlines.AirlineTests" name="createAirline" time="3.194"/>
  <system-out/>
</testsuite> <!-- airlines.AirlineTests -->
